<?xml version="1.0" encoding="UTF-8" ?>
<testsuite errors="0" failures="1" hostname="spman_x" name="test.Test" skipped="0" tests="1" time="0.04" timestamp="2015-05-03T23:55:43">
  <properties>
    <property name="ant.file.type.BugReportReproduce" value="file" />
    <property name="java.runtime.name" value="Java(TM) SE Runtime Environment" />
    <property name="sun.boot.library.path" value="C:\Program Files\Java\jdk1.8.0_20\jre\bin" />
    <property name="java.vm.version" value="25.20-b23" />
    <property name="ant.version" value="Apache Ant(TM) version 1.9.4 compiled on May 2 2015" />
    <property name="ant.java.version" value="1.8" />
    <property name="java.vm.vendor" value="Oracle Corporation" />
    <property name="src folder" value="src" />
    <property name="java.vendor.url" value="http://java.oracle.com/" />
    <property name="path.separator" value=";" />
    <property name="java.vm.name" value="Java HotSpot(TM) 64-Bit Server VM" />
    <property name="file.encoding.pkg" value="sun.io" />
    <property name="user.script" value="" />
    <property name="user.country" value="US" />
    <property name="sun.java.launcher" value="SUN_STANDARD" />
    <property name="sun.os.patch.level" value="" />
    <property name="javax.accessibility.screen_magnifier_present" value="true" />
    <property name="java.vm.specification.name" value="Java Virtual Machine Specification" />
    <property name="user.dir" value="C:\Users\dongdong.xie\git\.git\BugReportReproduce" />
    <property name="java.runtime.version" value="1.8.0_20-b26" />
    <property name="java.awt.graphicsenv" value="sun.awt.Win32GraphicsEnvironment" />
    <property name="basedir" value="C:\Users\dongdong.xie\git\.git\BugReportReproduce" />
    <property name="java.endorsed.dirs" value="C:\Program Files\Java\jdk1.8.0_20\jre\lib\endorsed" />
    <property name="os.arch" value="amd64" />
    <property name="ant.project.default-target" value="test auot junit and report" />
    <property name="javax.accessibility.assistive_technologies" value="com.sun.java.accessibility.AccessBridge" />
    <property name="java.io.tmpdir" value="C:\Users\dongdong.xie\AppData\Local\Temp\" />
    <property name="ant.core.lib" value="C:\Users\dongdong.xie\Desktop\apache-ant-1.9.4\build\lib\ant.jar" />
    <property name="line.separator" value="&#xd;&#xa;" />
    <property name="java.vm.specification.vendor" value="Oracle Corporation" />
    <property name="user.variant" value="" />
    <property name="os.name" value="Windows 8.1" />
    <property name="ant.project.name" value="BugReportReproduce" />
    <property name="sun.jnu.encoding" value="GBK" />
    <property name="java.library.path" value="C:\Program Files\Java\jdk1.8.0_20\jre\bin;C:\Windows\Sun\Java\bin;C:\Windows\system32;C:\Windows;C:/Program Files/Java/jdk1.8.0_20/bin/../jre/bin/server;C:/Program Files/Java/jdk1.8.0_20/bin/../jre/bin;C:/Program Files/Java/jdk1.8.0_20/bin/../jre/lib/amd64;C:\Program Files\Common Files\Microsoft Shared\Microsoft Online Services;C:\Program Files (x86)\Common Files\Microsoft Shared\Microsoft Online Services;C:\Users\dongdong.xie\develop\eclipse\plugins\org.apache.ant_1.9.2.v201404171502/bin;C:\Program Files\Java\jdk1.8.0_20/bin;C:\Program Files\Java\jdk1.8.0_20/jre/bin;C:\ProgramData\Oracle\Java\javapath;C:\Windows\system32;C:\Windows;C:\Windows\System32\Wbem;C:\Windows\System32\WindowsPowerShell\v1.0\;C:\Users\dongdong.xie\develop\eclipse\plugins\org.apache.ant_1.9.2.v201404171502\bin;;C:\Program Files (x86)\DBank\ClickUp;C:\Users\dongdong.xie\develop\eclipse;;." />
    <property name="sun.awt.enableExtraMouseButtons" value="true" />
    <property name="java.specification.name" value="Java Platform API Specification" />
    <property name="java.class.version" value="52.0" />
    <property name="lib.dir" value="lib" />
    <property name="sun.management.compiler" value="HotSpot 64-Bit Tiered Compilers" />
    <property name="os.version" value="6.3" />
    <property name="user.home" value="C:\Users\dongdong.xie" />
    <property name="user.timezone" value="America/Chicago" />
    <property name="java.awt.printerjob" value="sun.awt.windows.WPrinterJob" />
    <property name="java.specification.version" value="1.8" />
    <property name="file.encoding" value="GBK" />
    <property name="output folder" value="bin" />
    <property name="test folder" value="test" />
    <property name="user.name" value="dongdong.xie" />
    <property name="java.class.path" value="C:\Users\dongdong.xie\git\.git\BugReportReproduce\lib\ant.jar;C:\Users\dongdong.xie\git\.git\BugReportReproduce\lib\com.springsource.org.junit-4.7.0.jar;C:\Users\dongdong.xie\git\.git\BugReportReproduce\lib\stanford-ner.jar;C:\Users\dongdong.xie\git\.git\BugReportReproduce\bin;C:\Users\dongdong.xie\git\.git\BugReportReproduce;C:\Program Files\Java\jdk1.8.0_20\lib\mysql-connector-java-5.1.26-bin.jar;C:\Program Files\Java\jdk1.8.0_20\lib\dt.jar;C:\Program Files\Java\jdk1.8.0_20\lib\tools.jar;C:\Users\dongdong.xie\develop\eclipse\plugins\org.junit_4.11.0.v201303080030\junit.jar;C:\Users\dongdong.xie\Desktop\apache-ant-1.9.4\build\lib\ant-launcher.jar;C:\Users\dongdong.xie\Desktop\apache-ant-1.9.4\build\lib\ant.jar;C:\Users\dongdong.xie\Desktop\apache-ant-1.9.4\build\lib\ant-junit.jar" />
    <property name="java.vm.specification.version" value="1.8" />
    <property name="java.home" value="C:\Program Files\Java\jdk1.8.0_20\jre" />
    <property name="sun.java.command" value="org.apache.tools.ant.taskdefs.optional.junit.JUnitTestRunner test.Test skipNonTests=false filtertrace=true haltOnError=false haltOnFailure=false formatter=org.apache.tools.ant.taskdefs.optional.junit.SummaryJUnitResultFormatter showoutput=true outputtoformatters=true logfailedtests=true threadid=0 logtestlistenerevents=false formatter=org.apache.tools.ant.taskdefs.optional.junit.XMLJUnitResultFormatter,C:\Users\dongdong.xie\git\.git\BugReportReproduce\report\TEST-test.Test.xml crashfile=C:\Users\dongdong.xie\git\.git\BugReportReproduce\junitvmwatcher3811572758130108649.properties propsfile=C:\Users\dongdong.xie\git\.git\BugReportReproduce\junit1454449711461252751.properties" />
    <property name="sun.arch.data.model" value="64" />
    <property name="java.specification.vendor" value="Oracle Corporation" />
    <property name="user.language" value="en" />
    <property name="awt.toolkit" value="sun.awt.windows.WToolkit" />
    <property name="java.vm.info" value="mixed mode" />
    <property name="java.version" value="1.8.0_20" />
    <property name="java.ext.dirs" value="C:\Program Files\Java\jdk1.8.0_20\jre\lib\ext;C:\Windows\Sun\Java\lib\ext" />
    <property name="sun.boot.class.path" value="C:\Program Files\Java\jdk1.8.0_20\jre\lib\resources.jar;C:\Program Files\Java\jdk1.8.0_20\jre\lib\rt.jar;C:\Program Files\Java\jdk1.8.0_20\jre\lib\sunrsasign.jar;C:\Program Files\Java\jdk1.8.0_20\jre\lib\jsse.jar;C:\Program Files\Java\jdk1.8.0_20\jre\lib\jce.jar;C:\Program Files\Java\jdk1.8.0_20\jre\lib\charsets.jar;C:\Program Files\Java\jdk1.8.0_20\jre\lib\jfr.jar;C:\Program Files\Java\jdk1.8.0_20\jre\classes" />
    <property name="java.vendor" value="Oracle Corporation" />
    <property name="file.separator" value="\" />
    <property name="report folder" value="report" />
    <property name="ant.file.BugReportReproduce" value="C:\Users\dongdong.xie\git\.git\BugReportReproduce\build.xml" />
    <property name="java.vendor.url.bug" value="http://bugreport.sun.com/bugreport/" />
    <property name="sun.cpu.endian" value="little" />
    <property name="sun.io.unicode.encoding" value="UnicodeLittle" />
    <property name="sun.desktop" value="windows" />
    <property name="sun.cpu.isalist" value="amd64" />
  </properties>
  <testcase classname="junit.framework.TestSuite$1" name="warning" time="0.005">
    <failure message="No tests found in test.Test" type="junit.framework.AssertionFailedError">junit.framework.AssertionFailedError: No tests found in test.Test
</failure>
  </testcase>
  <system-out><![CDATA[]]></system-out>
  <system-err><![CDATA[]]></system-err>
</testsuite>
